<?xml version="1.0" encoding="UTF-8"?>
<testng-results ignored="0" total="1" passed="1" failed="0" skipped="0">
  <reporter-output>
  </reporter-output>
  <suite started-at="2020-11-14T02:37:31Z" name="Default suite" finished-at="2020-11-14T02:37:31Z" duration-ms="44">
    <groups>
    </groups>
    <test started-at="2020-11-14T02:37:31Z" name="Default test" finished-at="2020-11-14T02:37:31Z" duration-ms="44">
      <class name="Test.TestNGej">
        <test-method signature="f()[pri:0, instance:Test.TestNGej@4b0d79fc]" started-at="2020-11-13T20:37:31Z" name="f" finished-at="2020-11-13T20:37:31Z" duration-ms="15" status="PASS">
          <reporter-output>
          </reporter-output>
        </test-method> <!-- f -->
      </class> <!-- Test.TestNGej -->
    </test> <!-- Default test -->
  </suite> <!-- Default suite -->
</testng-results>
